Arguments: 
  C:\Program Files\nodejs\node.exe C:\Users\vvictor002\AppData\Roaming\npm\node_modules\yarn\bin\yarn.js

PATH: 
  C:\ProgramData\Oracle\Java\javapath;C:\Python27\;C:\Python27\Scripts;C:\WINDOWS\system32;C:\WINDOWS;C:\WINDOWS\System32\Wbem;C:\Program Files\WinZip\;C:\Program Files\Microsoft SQL Server\Client SDK\ODBC\110\Tools\Binn\;C:\Program Files (x86)\Microsoft SQL Server\120\Tools\Binn\;C:\Program Files\Microsoft SQL Server\120\Tools\Binn\;C:\Program Files\Microsoft SQL Server\120\DTS\Binn\;C:\WINDOWS\System32\WindowsPowerShell\v1.0\;C:\Program Files (x86)\IBM\Lotus\Notes\;C:\Program Files (x86)\SafeCom\SafeComPrintClient;C:\Program Files\SafeCom\SafeComAppPrint;C:\Program Files (x86)\NTRU Cryptosystems\NTRU TCG Software Stack (x64)\bin\;C:\Program Files\NTRU Cryptosystems\NTRU TCG Software Stack\bin\;C:\Program Files (x86)\WinMerge;C:\Program Files\Intel\WiFi\bin\;C:\Program Files\Common Files\Intel\WirelessCommon\;C:\Program Files\Microsoft SQL Server\130\Tools\Binn\;C:\Program Files\MongoDB\Server\3.4\bin;C:\ProgramData\chocolatey\bin;C:\Program Files (x86)\Microsoft Team Foundation Server 2012 Power Tools\Best Practices Analyzer\;C:\Program Files\Microsoft\Web Platform Installer\;C:\Program Files (x86)\Microsoft ASP.NET\ASP.NET Web Pages\v1.0\;C:\Program Files\Microsoft SQL Server\110\Tools\Binn\;C:\Program Files\nodejs\;C:\Program Files (x86)\Brackets\command;C:\Users\vvictor002\AppData\Local\Programs\Git\cmd;C:\Program Files\PuTTY\;C:\WINDOWS\system32;C:\WINDOWS;C:\WINDOWS\System32\Wbem;C:\Program Files\WinZip\;C:\Program Files\Microsoft SQL Server\Client SDK\ODBC\110\Tools\Binn\;C:\Program Files (x86)\Microsoft SQL Server\120\Tools\Binn\;C:\Program Files\Microsoft SQL Server\120\Tools\Binn\;C:\Program Files\Microsoft SQL Server\120\DTS\Binn\;C:\WINDOWS\System32\WindowsPowerShell\v1.0\;C:\Program Files (x86)\IBM\Lotus\Notes\;C:\Program Files\Intel\WiFi\bin\;C:\Program Files\Common Files\Intel\WirelessCommon\;C:\Program Files (x86)\SafeCom\SafeComPrintClient;C:\Program Files\SafeCom\SafeComAppPrint;C:\Program Files (x86)\NTRU Cryptosystems\NTRU TCG Software Stack (x64)\bin\;C:\Program Files\NTRU Cryptosystems\NTRU TCG Software Stack\bin\;C:\tools\gittfs;C:\Users\vvictor002\AppData\Local\Programs\Git\cmd;C:\Program Files\Docker Toolbox;C:\Users\vvictor002\AppData\Roaming\npm;C:\Program Files\Microsoft VS Code\bin;C:\Users\vvictor002\AppData\Local\atom\bin;C:\Users\vvictor002\AppData\Local\Yarn\bin

Yarn version: 
  0.24.5

Node version: 
  7.7.4

Platform: 
  win32 x64

npm manifest: 
  {
    "name": "eldorado",
    "version": "1.0.0",
    "description": "El -Dorado Application",
    "main": "index.js",
    "scripts": {
      "test": "echo \"Error: no test specified\" && exit 1",
      "start": "nodemon --use_strict index.js",
      "bundle": "webpack"
    },
    "repository": {
      "type": "git",
      "url": "git+https://github.com/itagi89/ElDorado.git"
    },
    "keywords": [
      "El",
      "Dorado"
    ],
    "author": "Mallikarjun Itagi",
    "license": "ISC",
    "dependencies": {
      "bcrypt": "^1.0.2",
      "body-parser": "^1.15.2",
      "express": "^4.14.0",
      "jsonwebtoken": "^7.3.0",
      "material-ui": "^0.16.5",
      "mongod": "^2.0.0",
      "mongoose": "^4.9.6",
      "passport": "^0.3.2",
      "passport-local": "^1.0.0",
      "react": "^15.4.1",
      "react-dom": "^15.4.1",
      "react-router": "^3.0.0",
      "react-tap-event-plugin": "^2.0.1",
      "validator": "^6.2.0"
    },
    "devDependencies": {
      "babel-core": "^6.21.0",
      "babel-loader": "^6.2.10",
      "babel-preset-es2015": "^6.18.0",
      "babel-preset-react": "^6.16.0",
      "nodemon": "^1.11.0",
      "webpack": "^1.14.0"
    },
    "bugs": {
      "url": "https://github.com/itagi89/ElDorado/issues"
    },
    "homepage": "https://github.com/itagi89/ElDorado#readme"
  }

yarn manifest: 
  No manifest

Lockfile: 
  No lockfile

Trace: 
  Error: self signed certificate in certificate chain
      at TLSSocket.<anonymous> (_tls_wrap.js:1094:38)
      at emitNone (events.js:86:13)
      at TLSSocket.emit (events.js:188:7)
      at TLSSocket._finishInit (_tls_wrap.js:616:8)
      at TLSWrap.ssl.onhandshakedone (_tls_wrap.js:446:38)
